[0m03:27:40.574397 [debug] [MainThread]: Sending event: {'category': 'dbt', 'action': 'invocation', 'label': 'start', 'context': [<snowplow_tracker.self_describing_json.SelfDescribingJson object at 0x000001F4F7109400>, <snowplow_tracker.self_describing_json.SelfDescribingJson object at 0x000001F4F7C0C2D0>, <snowplow_tracker.self_describing_json.SelfDescribingJson object at 0x000001F4F9227C50>]}


============================== 03:27:40.584812 | c980ca74-55c8-40ae-8b5a-60ef3dd6ea75 ==============================
[0m03:27:40.584812 [info ] [MainThread]: Running with dbt=1.10.8
[0m03:27:40.585887 [debug] [MainThread]: running dbt with arguments {'printer_width': '80', 'indirect_selection': 'eager', 'log_cache_events': 'False', 'write_json': 'True', 'partial_parse': 'True', 'cache_selected_only': 'False', 'warn_error': 'None', 'debug': 'False', 'profiles_dir': 'C:\\Users\\bensh\\.dbt', 'log_path': 'logs', 'fail_fast': 'False', 'version_check': 'True', 'use_colors': 'True', 'use_experimental_parser': 'False', 'empty': 'None', 'quiet': 'False', 'no_print': 'None', 'log_format': 'default', 'static_parser': 'True', 'invocation_command': 'dbt init nyc_taxi', 'introspect': 'True', 'target_path': 'None', 'warn_error_options': 'WarnErrorOptionsV2(error=[], warn=[], silence=[])', 'send_anonymous_usage_stats': 'True'}
[0m03:27:40.606362 [debug] [MainThread]: Starter project path: C:\Users\bensh\AppData\Roaming\Python\Python313\site-packages\dbt\include\starter_project
[0m03:27:40.659346 [info ] [MainThread]: 
Your new dbt project "nyc_taxi" was created!

For more information on how to configure the profiles.yml file,
please consult the dbt documentation here:

  https://docs.getdbt.com/docs/configure-your-profile

One more thing:

Need help? Don't hesitate to reach out to us via GitHub issues or on Slack:

  https://community.getdbt.com/

Happy modeling!

[0m03:27:40.661375 [info ] [MainThread]: Setting up your profile.
[0m03:30:16.327727 [info ] [MainThread]: Profile nyc_taxi written to C:\Users\bensh\.dbt\profiles.yml using target's profile_template.yml and your supplied values. Run 'dbt debug' to validate the connection.
[0m03:30:16.331962 [debug] [MainThread]: Command `dbt init` succeeded at 03:30:16.331550 after 155.92 seconds
[0m03:30:16.333255 [debug] [MainThread]: Sending event: {'category': 'dbt', 'action': 'invocation', 'label': 'end', 'context': [<snowplow_tracker.self_describing_json.SelfDescribingJson object at 0x000001F492752190>, <snowplow_tracker.self_describing_json.SelfDescribingJson object at 0x000001F490B60290>, <snowplow_tracker.self_describing_json.SelfDescribingJson object at 0x000001F49271D590>]}
[0m03:30:16.334412 [debug] [MainThread]: Flushing usage events
[0m03:30:17.178878 [debug] [MainThread]: An error was encountered while trying to flush usage events
[0m03:30:31.261617 [debug] [MainThread]: Sending event: {'category': 'dbt', 'action': 'invocation', 'label': 'start', 'context': [<snowplow_tracker.self_describing_json.SelfDescribingJson object at 0x000001F82DA39400>, <snowplow_tracker.self_describing_json.SelfDescribingJson object at 0x000001F82E53C2D0>, <snowplow_tracker.self_describing_json.SelfDescribingJson object at 0x000001F82FB57C50>]}


============================== 03:30:31.268533 | b06cd9e3-e5d9-4f1e-b7be-50864ba04234 ==============================
[0m03:30:31.268533 [info ] [MainThread]: Running with dbt=1.10.8
[0m03:30:31.269393 [debug] [MainThread]: running dbt with arguments {'printer_width': '80', 'indirect_selection': 'eager', 'write_json': 'True', 'log_cache_events': 'False', 'partial_parse': 'True', 'cache_selected_only': 'False', 'warn_error': 'None', 'debug': 'False', 'fail_fast': 'False', 'log_path': 'logs', 'profiles_dir': 'C:\\Users\\bensh\\.dbt', 'version_check': 'True', 'use_colors': 'True', 'use_experimental_parser': 'False', 'empty': 'None', 'quiet': 'False', 'no_print': 'None', 'log_format': 'default', 'introspect': 'True', 'static_parser': 'True', 'invocation_command': 'dbt debug', 'target_path': 'None', 'warn_error_options': 'WarnErrorOptionsV2(error=[], warn=[], silence=[])', 'send_anonymous_usage_stats': 'True'}
[0m03:30:31.281248 [info ] [MainThread]: dbt version: 1.10.8
[0m03:30:31.281805 [info ] [MainThread]: python version: 3.13.3
[0m03:30:31.282299 [info ] [MainThread]: python path: C:\Python313\python.exe
[0m03:30:31.282762 [info ] [MainThread]: os info: Windows-11-10.0.26100-SP0
[0m03:30:31.986433 [info ] [MainThread]: Using profiles dir at C:\Users\bensh\.dbt
[0m03:30:31.986979 [info ] [MainThread]: Using profiles.yml file at C:\Users\bensh\.dbt\profiles.yml
[0m03:30:31.987325 [info ] [MainThread]: Using dbt_project.yml file at C:\Users\bensh\OneDrive\Documents\GitHub\nyc-taxi-dbt-snowflakes-\dbt_project.yml
[0m03:30:31.988275 [info ] [MainThread]: adapter type: snowflake
[0m03:30:31.988760 [info ] [MainThread]: adapter version: 1.9.0
[0m03:30:31.989290 [info ] [MainThread]: Configuration:
[0m03:30:31.989738 [info ] [MainThread]:   profiles.yml file [[32mOK found and valid[0m]
[0m03:30:31.990246 [info ] [MainThread]:   dbt_project.yml file [[31mERROR not found[0m]
[0m03:30:31.990586 [info ] [MainThread]: Required dependencies:
[0m03:30:31.990912 [debug] [MainThread]: Executing "git --help"
[0m03:30:32.022716 [debug] [MainThread]: STDOUT: "b"usage: git [-v | --version] [-h | --help] [-C <path>] [-c <name>=<value>]\n           [--exec-path[=<path>]] [--html-path] [--man-path] [--info-path]\n           [-p | --paginate | -P | --no-pager] [--no-replace-objects] [--no-lazy-fetch]\n           [--no-optional-locks] [--no-advice] [--bare] [--git-dir=<path>]\n           [--work-tree=<path>] [--namespace=<name>] [--config-env=<name>=<envvar>]\n           <command> [<args>]\n\nThese are common Git commands used in various situations:\n\nstart a working area (see also: git help tutorial)\n   clone      Clone a repository into a new directory\n   init       Create an empty Git repository or reinitialize an existing one\n\nwork on the current change (see also: git help everyday)\n   add        Add file contents to the index\n   mv         Move or rename a file, a directory, or a symlink\n   restore    Restore working tree files\n   rm         Remove files from the working tree and from the index\n\nexamine the history and state (see also: git help revisions)\n   bisect     Use binary search to find the commit that introduced a bug\n   diff       Show changes between commits, commit and working tree, etc\n   grep       Print lines matching a pattern\n   log        Show commit logs\n   show       Show various types of objects\n   status     Show the working tree status\n\ngrow, mark and tweak your common history\n   backfill   Download missing objects in a partial clone\n   branch     List, create, or delete branches\n   commit     Record changes to the repository\n   merge      Join two or more development histories together\n   rebase     Reapply commits on top of another base tip\n   reset      Reset current HEAD to the specified state\n   switch     Switch branches\n   tag        Create, list, delete or verify a tag object signed with GPG\n\ncollaborate (see also: git help workflows)\n   fetch      Download objects and refs from another repository\n   pull       Fetch from and integrate with another repository or a local branch\n   push       Update remote refs along with associated objects\n\n'git help -a' and 'git help -g' list available subcommands and some\nconcept guides. See 'git help <command>' or 'git help <concept>'\nto read about a specific subcommand or concept.\nSee 'git help git' for an overview of the system.\n""
[0m03:30:32.023079 [debug] [MainThread]: STDERR: "b''"
[0m03:30:32.023352 [info ] [MainThread]:  - git [[32mOK found[0m]

[0m03:30:32.023818 [info ] [MainThread]: Connection:
[0m03:30:32.024315 [info ] [MainThread]:   account: zldympf-el78094
[0m03:30:32.024999 [info ] [MainThread]:   user: bensha
[0m03:30:32.026074 [info ] [MainThread]:   database: nyc_taxi
[0m03:30:32.026899 [info ] [MainThread]:   warehouse: TRANSFORMATION
[0m03:30:32.027586 [info ] [MainThread]:   role: ACCOUNTADMIN
[0m03:30:32.028236 [info ] [MainThread]:   schema: DEV
[0m03:30:32.028630 [info ] [MainThread]:   authenticator: None
[0m03:30:32.029215 [info ] [MainThread]:   oauth_client_id: None
[0m03:30:32.029827 [info ] [MainThread]:   query_tag: None
[0m03:30:32.030370 [info ] [MainThread]:   client_session_keep_alive: False
[0m03:30:32.030739 [info ] [MainThread]:   host: None
[0m03:30:32.031072 [info ] [MainThread]:   port: None
[0m03:30:32.031514 [info ] [MainThread]:   proxy_host: None
[0m03:30:32.031941 [info ] [MainThread]:   proxy_port: None
[0m03:30:32.032348 [info ] [MainThread]:   protocol: None
[0m03:30:32.032725 [info ] [MainThread]:   connect_retries: 1
[0m03:30:32.033086 [info ] [MainThread]:   connect_timeout: None
[0m03:30:32.033420 [info ] [MainThread]:   retry_on_database_errors: False
[0m03:30:32.033757 [info ] [MainThread]:   retry_all: False
[0m03:30:32.034169 [info ] [MainThread]:   insecure_mode: False
[0m03:30:32.034713 [info ] [MainThread]:   reuse_connections: True
[0m03:30:32.035215 [info ] [MainThread]: Registered adapter: snowflake=1.9.0
[0m03:30:32.476577 [debug] [MainThread]: Acquiring new snowflake connection 'debug'
[0m03:30:37.730096 [debug] [MainThread]: Using snowflake connection "debug"
[0m03:30:37.730515 [debug] [MainThread]: On debug: select 1 as id
[0m03:30:37.730786 [debug] [MainThread]: Opening a new connection, currently in state init
[0m03:30:39.718611 [debug] [MainThread]: SQL status: SUCCESS 1 in 1.987 seconds
[0m03:30:39.721615 [info ] [MainThread]:   Connection test: [[32mOK connection ok[0m]

[0m03:30:39.723059 [info ] [MainThread]: [31m1 check failed:[0m
[0m03:30:39.724361 [info ] [MainThread]: Project loading failed for the following reason:
 project path <C:\Users\bensh\OneDrive\Documents\GitHub\nyc-taxi-dbt-snowflakes-\dbt_project.yml> not found

[0m03:30:39.728002 [debug] [MainThread]: Command `dbt debug` failed at 03:30:39.727549 after 8.61 seconds
[0m03:30:39.729079 [debug] [MainThread]: Connection 'debug' was left open.
[0m03:30:39.729721 [debug] [MainThread]: On debug: Close
[0m03:30:40.044697 [debug] [MainThread]: Sending event: {'category': 'dbt', 'action': 'invocation', 'label': 'end', 'context': [<snowplow_tracker.self_describing_json.SelfDescribingJson object at 0x000001F8492D1480>, <snowplow_tracker.self_describing_json.SelfDescribingJson object at 0x000001F848F9BE30>, <snowplow_tracker.self_describing_json.SelfDescribingJson object at 0x000001F848EEA360>]}
[0m03:30:40.045666 [debug] [MainThread]: Flushing usage events
[0m03:30:40.721570 [debug] [MainThread]: An error was encountered while trying to flush usage events
[0m03:32:26.033854 [debug] [MainThread]: Sending event: {'category': 'dbt', 'action': 'invocation', 'label': 'start', 'context': [<snowplow_tracker.self_describing_json.SelfDescribingJson object at 0x0000029BA28F9400>, <snowplow_tracker.self_describing_json.SelfDescribingJson object at 0x0000029BA33FC2D0>, <snowplow_tracker.self_describing_json.SelfDescribingJson object at 0x0000029BA4A17C50>]}


============================== 03:32:26.044546 | e23380ce-9af6-431c-a48a-7092f445e604 ==============================
[0m03:32:26.044546 [info ] [MainThread]: Running with dbt=1.10.8
[0m03:32:26.045309 [debug] [MainThread]: running dbt with arguments {'printer_width': '80', 'indirect_selection': 'eager', 'log_cache_events': 'False', 'write_json': 'True', 'partial_parse': 'True', 'cache_selected_only': 'False', 'warn_error': 'None', 'fail_fast': 'False', 'version_check': 'True', 'log_path': 'logs', 'profiles_dir': 'C:\\Users\\bensh\\.dbt', 'debug': 'False', 'use_colors': 'True', 'use_experimental_parser': 'False', 'empty': 'None', 'quiet': 'False', 'no_print': 'None', 'log_format': 'default', 'static_parser': 'True', 'warn_error_options': 'WarnErrorOptionsV2(error=[], warn=[], silence=[])', 'invocation_command': 'dbt debug', 'target_path': 'None', 'introspect': 'True', 'send_anonymous_usage_stats': 'True'}
[0m03:32:26.054463 [info ] [MainThread]: dbt version: 1.10.8
[0m03:32:26.055121 [info ] [MainThread]: python version: 3.13.3
[0m03:32:26.055817 [info ] [MainThread]: python path: C:\Python313\python.exe
[0m03:32:26.056541 [info ] [MainThread]: os info: Windows-11-10.0.26100-SP0
[0m03:32:26.895450 [info ] [MainThread]: Using profiles dir at C:\Users\bensh\.dbt
[0m03:32:26.896039 [info ] [MainThread]: Using profiles.yml file at C:\Users\bensh\.dbt\profiles.yml
[0m03:32:26.896465 [info ] [MainThread]: Using dbt_project.yml file at C:\Users\bensh\OneDrive\Documents\GitHub\nyc-taxi-dbt-snowflakes-\dbt_project.yml
[0m03:32:26.897315 [info ] [MainThread]: adapter type: snowflake
[0m03:32:26.897680 [info ] [MainThread]: adapter version: 1.9.0
[0m03:32:26.898018 [info ] [MainThread]: Configuration:
[0m03:32:26.898394 [info ] [MainThread]:   profiles.yml file [[32mOK found and valid[0m]
[0m03:32:26.898797 [info ] [MainThread]:   dbt_project.yml file [[31mERROR not found[0m]
[0m03:32:26.899174 [info ] [MainThread]: Required dependencies:
[0m03:32:26.899547 [debug] [MainThread]: Executing "git --help"
[0m03:32:26.932304 [debug] [MainThread]: STDOUT: "b"usage: git [-v | --version] [-h | --help] [-C <path>] [-c <name>=<value>]\n           [--exec-path[=<path>]] [--html-path] [--man-path] [--info-path]\n           [-p | --paginate | -P | --no-pager] [--no-replace-objects] [--no-lazy-fetch]\n           [--no-optional-locks] [--no-advice] [--bare] [--git-dir=<path>]\n           [--work-tree=<path>] [--namespace=<name>] [--config-env=<name>=<envvar>]\n           <command> [<args>]\n\nThese are common Git commands used in various situations:\n\nstart a working area (see also: git help tutorial)\n   clone      Clone a repository into a new directory\n   init       Create an empty Git repository or reinitialize an existing one\n\nwork on the current change (see also: git help everyday)\n   add        Add file contents to the index\n   mv         Move or rename a file, a directory, or a symlink\n   restore    Restore working tree files\n   rm         Remove files from the working tree and from the index\n\nexamine the history and state (see also: git help revisions)\n   bisect     Use binary search to find the commit that introduced a bug\n   diff       Show changes between commits, commit and working tree, etc\n   grep       Print lines matching a pattern\n   log        Show commit logs\n   show       Show various types of objects\n   status     Show the working tree status\n\ngrow, mark and tweak your common history\n   backfill   Download missing objects in a partial clone\n   branch     List, create, or delete branches\n   commit     Record changes to the repository\n   merge      Join two or more development histories together\n   rebase     Reapply commits on top of another base tip\n   reset      Reset current HEAD to the specified state\n   switch     Switch branches\n   tag        Create, list, delete or verify a tag object signed with GPG\n\ncollaborate (see also: git help workflows)\n   fetch      Download objects and refs from another repository\n   pull       Fetch from and integrate with another repository or a local branch\n   push       Update remote refs along with associated objects\n\n'git help -a' and 'git help -g' list available subcommands and some\nconcept guides. See 'git help <command>' or 'git help <concept>'\nto read about a specific subcommand or concept.\nSee 'git help git' for an overview of the system.\n""
[0m03:32:26.933756 [debug] [MainThread]: STDERR: "b''"
[0m03:32:26.935299 [info ] [MainThread]:  - git [[32mOK found[0m]

[0m03:32:26.936308 [info ] [MainThread]: Connection:
[0m03:32:26.936813 [info ] [MainThread]:   account: zldympf-el78094
[0m03:32:26.937341 [info ] [MainThread]:   user: bensha
[0m03:32:26.937824 [info ] [MainThread]:   database: nyc_taxi
[0m03:32:26.938340 [info ] [MainThread]:   warehouse: TRANSFORMATION
[0m03:32:26.939007 [info ] [MainThread]:   role: ACCOUNTADMIN
[0m03:32:26.939742 [info ] [MainThread]:   schema: DEV
[0m03:32:26.940333 [info ] [MainThread]:   authenticator: None
[0m03:32:26.941488 [info ] [MainThread]:   oauth_client_id: None
[0m03:32:26.942145 [info ] [MainThread]:   query_tag: None
[0m03:32:26.942550 [info ] [MainThread]:   client_session_keep_alive: False
[0m03:32:26.943348 [info ] [MainThread]:   host: None
[0m03:32:26.943876 [info ] [MainThread]:   port: None
[0m03:32:26.944357 [info ] [MainThread]:   proxy_host: None
[0m03:32:26.944813 [info ] [MainThread]:   proxy_port: None
[0m03:32:26.945242 [info ] [MainThread]:   protocol: None
[0m03:32:26.945701 [info ] [MainThread]:   connect_retries: 1
[0m03:32:26.946556 [info ] [MainThread]:   connect_timeout: None
[0m03:32:26.947067 [info ] [MainThread]:   retry_on_database_errors: False
[0m03:32:26.947703 [info ] [MainThread]:   retry_all: False
[0m03:32:26.949393 [info ] [MainThread]:   insecure_mode: False
[0m03:32:26.951927 [info ] [MainThread]:   reuse_connections: True
[0m03:32:26.953651 [info ] [MainThread]: Registered adapter: snowflake=1.9.0
[0m03:32:27.148039 [debug] [MainThread]: Acquiring new snowflake connection 'debug'
[0m03:32:27.178785 [debug] [MainThread]: Using snowflake connection "debug"
[0m03:32:27.179182 [debug] [MainThread]: On debug: select 1 as id
[0m03:32:27.179442 [debug] [MainThread]: Opening a new connection, currently in state init
[0m03:32:28.558917 [debug] [MainThread]: SQL status: SUCCESS 1 in 1.379 seconds
[0m03:32:28.560756 [info ] [MainThread]:   Connection test: [[32mOK connection ok[0m]

[0m03:32:28.562728 [info ] [MainThread]: [31m1 check failed:[0m
[0m03:32:28.564557 [info ] [MainThread]: Project loading failed for the following reason:
 project path <C:\Users\bensh\OneDrive\Documents\GitHub\nyc-taxi-dbt-snowflakes-\dbt_project.yml> not found

[0m03:32:28.567140 [debug] [MainThread]: Command `dbt debug` failed at 03:32:28.566777 after 2.77 seconds
[0m03:32:28.568057 [debug] [MainThread]: Connection 'debug' was left open.
[0m03:32:28.568745 [debug] [MainThread]: On debug: Close
[0m03:32:28.866829 [debug] [MainThread]: Sending event: {'category': 'dbt', 'action': 'invocation', 'label': 'end', 'context': [<snowplow_tracker.self_describing_json.SelfDescribingJson object at 0x0000029BBE181480>, <snowplow_tracker.self_describing_json.SelfDescribingJson object at 0x0000029BBDE43E30>, <snowplow_tracker.self_describing_json.SelfDescribingJson object at 0x0000029BBE2709E0>]}
[0m03:32:28.868087 [debug] [MainThread]: Flushing usage events
[0m03:32:29.547610 [debug] [MainThread]: An error was encountered while trying to flush usage events
[0m03:41:36.958498 [debug] [MainThread]: Sending event: {'category': 'dbt', 'action': 'invocation', 'label': 'start', 'context': [<snowplow_tracker.self_describing_json.SelfDescribingJson object at 0x000001E6934A9400>, <snowplow_tracker.self_describing_json.SelfDescribingJson object at 0x000001E693FB02D0>, <snowplow_tracker.self_describing_json.SelfDescribingJson object at 0x000001E6955CFC50>]}


============================== 03:41:36.968737 | 0958832a-01f2-4d28-a7e0-106f0f443a65 ==============================
[0m03:41:36.968737 [info ] [MainThread]: Running with dbt=1.10.8
[0m03:41:36.969888 [debug] [MainThread]: running dbt with arguments {'printer_width': '80', 'indirect_selection': 'eager', 'write_json': 'True', 'log_cache_events': 'False', 'partial_parse': 'True', 'cache_selected_only': 'False', 'warn_error': 'None', 'fail_fast': 'False', 'debug': 'False', 'log_path': 'logs', 'profiles_dir': 'C:\\Users\\bensh\\.dbt', 'version_check': 'True', 'use_colors': 'True', 'use_experimental_parser': 'False', 'empty': 'None', 'quiet': 'False', 'no_print': 'None', 'warn_error_options': 'WarnErrorOptionsV2(error=[], warn=[], silence=[])', 'invocation_command': 'dbt debug', 'static_parser': 'True', 'introspect': 'True', 'target_path': 'None', 'log_format': 'default', 'send_anonymous_usage_stats': 'True'}
[0m03:41:36.983113 [info ] [MainThread]: dbt version: 1.10.8
[0m03:41:36.983854 [info ] [MainThread]: python version: 3.13.3
[0m03:41:36.984520 [info ] [MainThread]: python path: C:\Python313\python.exe
[0m03:41:36.985060 [info ] [MainThread]: os info: Windows-11-10.0.26100-SP0
[0m03:41:37.810138 [info ] [MainThread]: Using profiles dir at C:\Users\bensh\.dbt
[0m03:41:37.810980 [info ] [MainThread]: Using profiles.yml file at C:\Users\bensh\.dbt\profiles.yml
[0m03:41:37.811416 [info ] [MainThread]: Using dbt_project.yml file at C:\Users\bensh\OneDrive\Documents\GitHub\nyc-taxi-dbt-snowflakes-\dbt_project.yml
[0m03:41:37.812613 [info ] [MainThread]: adapter type: snowflake
[0m03:41:37.813064 [info ] [MainThread]: adapter version: 1.9.0
[0m03:41:37.813488 [info ] [MainThread]: Configuration:
[0m03:41:37.813825 [info ] [MainThread]:   profiles.yml file [[32mOK found and valid[0m]
[0m03:41:37.814158 [info ] [MainThread]:   dbt_project.yml file [[31mERROR not found[0m]
[0m03:41:37.814460 [info ] [MainThread]: Required dependencies:
[0m03:41:37.814772 [debug] [MainThread]: Executing "git --help"
[0m03:41:37.854843 [debug] [MainThread]: STDOUT: "b"usage: git [-v | --version] [-h | --help] [-C <path>] [-c <name>=<value>]\n           [--exec-path[=<path>]] [--html-path] [--man-path] [--info-path]\n           [-p | --paginate | -P | --no-pager] [--no-replace-objects] [--no-lazy-fetch]\n           [--no-optional-locks] [--no-advice] [--bare] [--git-dir=<path>]\n           [--work-tree=<path>] [--namespace=<name>] [--config-env=<name>=<envvar>]\n           <command> [<args>]\n\nThese are common Git commands used in various situations:\n\nstart a working area (see also: git help tutorial)\n   clone      Clone a repository into a new directory\n   init       Create an empty Git repository or reinitialize an existing one\n\nwork on the current change (see also: git help everyday)\n   add        Add file contents to the index\n   mv         Move or rename a file, a directory, or a symlink\n   restore    Restore working tree files\n   rm         Remove files from the working tree and from the index\n\nexamine the history and state (see also: git help revisions)\n   bisect     Use binary search to find the commit that introduced a bug\n   diff       Show changes between commits, commit and working tree, etc\n   grep       Print lines matching a pattern\n   log        Show commit logs\n   show       Show various types of objects\n   status     Show the working tree status\n\ngrow, mark and tweak your common history\n   backfill   Download missing objects in a partial clone\n   branch     List, create, or delete branches\n   commit     Record changes to the repository\n   merge      Join two or more development histories together\n   rebase     Reapply commits on top of another base tip\n   reset      Reset current HEAD to the specified state\n   switch     Switch branches\n   tag        Create, list, delete or verify a tag object signed with GPG\n\ncollaborate (see also: git help workflows)\n   fetch      Download objects and refs from another repository\n   pull       Fetch from and integrate with another repository or a local branch\n   push       Update remote refs along with associated objects\n\n'git help -a' and 'git help -g' list available subcommands and some\nconcept guides. See 'git help <command>' or 'git help <concept>'\nto read about a specific subcommand or concept.\nSee 'git help git' for an overview of the system.\n""
[0m03:41:37.855394 [debug] [MainThread]: STDERR: "b''"
[0m03:41:37.855848 [info ] [MainThread]:  - git [[32mOK found[0m]

[0m03:41:37.856544 [info ] [MainThread]: Connection:
[0m03:41:37.857093 [info ] [MainThread]:   account: zldympf-el78094
[0m03:41:37.857473 [info ] [MainThread]:   user: bensha
[0m03:41:37.858051 [info ] [MainThread]:   database: nyc_taxi
[0m03:41:37.858803 [info ] [MainThread]:   warehouse: TRANSFORMATION
[0m03:41:37.859659 [info ] [MainThread]:   role: ACCOUNTADMIN
[0m03:41:37.860668 [info ] [MainThread]:   schema: DEV
[0m03:41:37.861456 [info ] [MainThread]:   authenticator: None
[0m03:41:37.862422 [info ] [MainThread]:   oauth_client_id: None
[0m03:41:37.863580 [info ] [MainThread]:   query_tag: None
[0m03:41:37.864758 [info ] [MainThread]:   client_session_keep_alive: False
[0m03:41:37.865520 [info ] [MainThread]:   host: None
[0m03:41:37.866191 [info ] [MainThread]:   port: None
[0m03:41:37.866953 [info ] [MainThread]:   proxy_host: None
[0m03:41:37.867829 [info ] [MainThread]:   proxy_port: None
[0m03:41:37.868629 [info ] [MainThread]:   protocol: None
[0m03:41:37.869086 [info ] [MainThread]:   connect_retries: 1
[0m03:41:37.869411 [info ] [MainThread]:   connect_timeout: None
[0m03:41:37.869776 [info ] [MainThread]:   retry_on_database_errors: False
[0m03:41:37.870440 [info ] [MainThread]:   retry_all: False
[0m03:41:37.871136 [info ] [MainThread]:   insecure_mode: False
[0m03:41:37.871795 [info ] [MainThread]:   reuse_connections: True
[0m03:41:37.872451 [info ] [MainThread]: Registered adapter: snowflake=1.9.0
[0m03:41:38.111207 [debug] [MainThread]: Acquiring new snowflake connection 'debug'
[0m03:41:38.151667 [debug] [MainThread]: Using snowflake connection "debug"
[0m03:41:38.151985 [debug] [MainThread]: On debug: select 1 as id
[0m03:41:38.152179 [debug] [MainThread]: Opening a new connection, currently in state init
[0m03:41:39.629332 [debug] [MainThread]: SQL status: SUCCESS 1 in 1.477 seconds
[0m03:41:39.631723 [info ] [MainThread]:   Connection test: [[32mOK connection ok[0m]

[0m03:41:39.633689 [info ] [MainThread]: [31m1 check failed:[0m
[0m03:41:39.635517 [info ] [MainThread]: Project loading failed for the following reason:
 project path <C:\Users\bensh\OneDrive\Documents\GitHub\nyc-taxi-dbt-snowflakes-\dbt_project.yml> not found

[0m03:41:39.638541 [debug] [MainThread]: Command `dbt debug` failed at 03:41:39.638089 after 2.84 seconds
[0m03:41:39.640139 [debug] [MainThread]: Connection 'debug' was left open.
[0m03:41:39.641101 [debug] [MainThread]: On debug: Close
[0m03:41:39.960640 [debug] [MainThread]: Sending event: {'category': 'dbt', 'action': 'invocation', 'label': 'end', 'context': [<snowplow_tracker.self_describing_json.SelfDescribingJson object at 0x000001E6AEDA1480>, <snowplow_tracker.self_describing_json.SelfDescribingJson object at 0x000001E6AEA63E30>, <snowplow_tracker.self_describing_json.SelfDescribingJson object at 0x000001E6AEE909E0>]}
[0m03:41:39.961031 [debug] [MainThread]: Flushing usage events
[0m03:41:40.620545 [debug] [MainThread]: An error was encountered while trying to flush usage events
[0m03:42:00.200613 [debug] [MainThread]: Sending event: {'category': 'dbt', 'action': 'invocation', 'label': 'start', 'context': [<snowplow_tracker.self_describing_json.SelfDescribingJson object at 0x000001ED815D9400>, <snowplow_tracker.self_describing_json.SelfDescribingJson object at 0x000001ED820E02D0>, <snowplow_tracker.self_describing_json.SelfDescribingJson object at 0x000001ED836F7C50>]}


============================== 03:42:00.207768 | eb6555f1-ff85-4136-adcb-0247763b346c ==============================
[0m03:42:00.207768 [info ] [MainThread]: Running with dbt=1.10.8
[0m03:42:00.208655 [debug] [MainThread]: running dbt with arguments {'printer_width': '80', 'indirect_selection': 'eager', 'log_cache_events': 'False', 'write_json': 'True', 'partial_parse': 'True', 'cache_selected_only': 'False', 'warn_error': 'None', 'version_check': 'True', 'profiles_dir': 'C:\\Users\\bensh\\.dbt', 'log_path': 'logs', 'debug': 'False', 'fail_fast': 'False', 'use_colors': 'True', 'use_experimental_parser': 'False', 'no_print': 'None', 'quiet': 'False', 'empty': 'None', 'log_format': 'default', 'static_parser': 'True', 'introspect': 'True', 'invocation_command': 'dbt debug', 'target_path': 'None', 'warn_error_options': 'WarnErrorOptionsV2(error=[], warn=[], silence=[])', 'send_anonymous_usage_stats': 'True'}
[0m03:42:00.222443 [info ] [MainThread]: dbt version: 1.10.8
[0m03:42:00.223280 [info ] [MainThread]: python version: 3.13.3
[0m03:42:00.224052 [info ] [MainThread]: python path: C:\Python313\python.exe
[0m03:42:00.224463 [info ] [MainThread]: os info: Windows-11-10.0.26100-SP0
[0m03:42:00.955457 [info ] [MainThread]: Using profiles dir at C:\Users\bensh\.dbt
[0m03:42:00.956231 [info ] [MainThread]: Using profiles.yml file at C:\Users\bensh\.dbt\profiles.yml
[0m03:42:00.956697 [info ] [MainThread]: Using dbt_project.yml file at C:\Users\bensh\OneDrive\Documents\GitHub\nyc-taxi-dbt-snowflakes-\dbt_project.yml
[0m03:42:00.957684 [info ] [MainThread]: adapter type: snowflake
[0m03:42:00.958149 [info ] [MainThread]: adapter version: 1.9.0
[0m03:42:00.958517 [info ] [MainThread]: Configuration:
[0m03:42:00.958845 [info ] [MainThread]:   profiles.yml file [[32mOK found and valid[0m]
[0m03:42:00.959160 [info ] [MainThread]:   dbt_project.yml file [[31mERROR not found[0m]
[0m03:42:00.959511 [info ] [MainThread]: Required dependencies:
[0m03:42:00.959932 [debug] [MainThread]: Executing "git --help"
[0m03:42:01.002035 [debug] [MainThread]: STDOUT: "b"usage: git [-v | --version] [-h | --help] [-C <path>] [-c <name>=<value>]\n           [--exec-path[=<path>]] [--html-path] [--man-path] [--info-path]\n           [-p | --paginate | -P | --no-pager] [--no-replace-objects] [--no-lazy-fetch]\n           [--no-optional-locks] [--no-advice] [--bare] [--git-dir=<path>]\n           [--work-tree=<path>] [--namespace=<name>] [--config-env=<name>=<envvar>]\n           <command> [<args>]\n\nThese are common Git commands used in various situations:\n\nstart a working area (see also: git help tutorial)\n   clone      Clone a repository into a new directory\n   init       Create an empty Git repository or reinitialize an existing one\n\nwork on the current change (see also: git help everyday)\n   add        Add file contents to the index\n   mv         Move or rename a file, a directory, or a symlink\n   restore    Restore working tree files\n   rm         Remove files from the working tree and from the index\n\nexamine the history and state (see also: git help revisions)\n   bisect     Use binary search to find the commit that introduced a bug\n   diff       Show changes between commits, commit and working tree, etc\n   grep       Print lines matching a pattern\n   log        Show commit logs\n   show       Show various types of objects\n   status     Show the working tree status\n\ngrow, mark and tweak your common history\n   backfill   Download missing objects in a partial clone\n   branch     List, create, or delete branches\n   commit     Record changes to the repository\n   merge      Join two or more development histories together\n   rebase     Reapply commits on top of another base tip\n   reset      Reset current HEAD to the specified state\n   switch     Switch branches\n   tag        Create, list, delete or verify a tag object signed with GPG\n\ncollaborate (see also: git help workflows)\n   fetch      Download objects and refs from another repository\n   pull       Fetch from and integrate with another repository or a local branch\n   push       Update remote refs along with associated objects\n\n'git help -a' and 'git help -g' list available subcommands and some\nconcept guides. See 'git help <command>' or 'git help <concept>'\nto read about a specific subcommand or concept.\nSee 'git help git' for an overview of the system.\n""
[0m03:42:01.003220 [debug] [MainThread]: STDERR: "b''"
[0m03:42:01.003920 [info ] [MainThread]:  - git [[32mOK found[0m]

[0m03:42:01.004782 [info ] [MainThread]: Connection:
[0m03:42:01.005698 [info ] [MainThread]:   account: zldympf-el78094
[0m03:42:01.007082 [info ] [MainThread]:   user: bensha
[0m03:42:01.008597 [info ] [MainThread]:   database: nyc_taxi
[0m03:42:01.009605 [info ] [MainThread]:   warehouse: TRANSFORMATION
[0m03:42:01.011051 [info ] [MainThread]:   role: ACCOUNTADMIN
[0m03:42:01.012738 [info ] [MainThread]:   schema: DEV
[0m03:42:01.014119 [info ] [MainThread]:   authenticator: None
[0m03:42:01.015242 [info ] [MainThread]:   oauth_client_id: None
[0m03:42:01.016008 [info ] [MainThread]:   query_tag: None
[0m03:42:01.017413 [info ] [MainThread]:   client_session_keep_alive: False
[0m03:42:01.018393 [info ] [MainThread]:   host: None
[0m03:42:01.019093 [info ] [MainThread]:   port: None
[0m03:42:01.019941 [info ] [MainThread]:   proxy_host: None
[0m03:42:01.021415 [info ] [MainThread]:   proxy_port: None
[0m03:42:01.022600 [info ] [MainThread]:   protocol: None
[0m03:42:01.024473 [info ] [MainThread]:   connect_retries: 1
[0m03:42:01.026058 [info ] [MainThread]:   connect_timeout: None
[0m03:42:01.027337 [info ] [MainThread]:   retry_on_database_errors: False
[0m03:42:01.028258 [info ] [MainThread]:   retry_all: False
[0m03:42:01.029155 [info ] [MainThread]:   insecure_mode: False
[0m03:42:01.030063 [info ] [MainThread]:   reuse_connections: True
[0m03:42:01.031394 [info ] [MainThread]: Registered adapter: snowflake=1.9.0
[0m03:42:01.210833 [debug] [MainThread]: Acquiring new snowflake connection 'debug'
[0m03:42:01.240255 [debug] [MainThread]: Using snowflake connection "debug"
[0m03:42:01.240545 [debug] [MainThread]: On debug: select 1 as id
[0m03:42:01.240723 [debug] [MainThread]: Opening a new connection, currently in state init
[0m03:42:02.216705 [debug] [MainThread]: SQL status: SUCCESS 1 in 0.976 seconds
[0m03:42:02.217418 [info ] [MainThread]:   Connection test: [[32mOK connection ok[0m]

[0m03:42:02.218134 [info ] [MainThread]: [31m1 check failed:[0m
[0m03:42:02.218616 [info ] [MainThread]: Project loading failed for the following reason:
 project path <C:\Users\bensh\OneDrive\Documents\GitHub\nyc-taxi-dbt-snowflakes-\dbt_project.yml> not found

[0m03:42:02.219437 [debug] [MainThread]: Command `dbt debug` failed at 03:42:02.219334 after 2.17 seconds
[0m03:42:02.219767 [debug] [MainThread]: Connection 'debug' was left open.
[0m03:42:02.220045 [debug] [MainThread]: On debug: Close
[0m03:42:02.541413 [debug] [MainThread]: Sending event: {'category': 'dbt', 'action': 'invocation', 'label': 'end', 'context': [<snowplow_tracker.self_describing_json.SelfDescribingJson object at 0x000001ED9CE61480>, <snowplow_tracker.self_describing_json.SelfDescribingJson object at 0x000001ED9CB23E30>, <snowplow_tracker.self_describing_json.SelfDescribingJson object at 0x000001ED9D0109E0>]}
[0m03:42:02.543317 [debug] [MainThread]: Flushing usage events
[0m03:42:03.201739 [debug] [MainThread]: An error was encountered while trying to flush usage events
[0m15:43:20.141249 [debug] [MainThread]: Sending event: {'category': 'dbt', 'action': 'invocation', 'label': 'start', 'context': [<snowplow_tracker.self_describing_json.SelfDescribingJson object at 0x00000252E18A3620>, <snowplow_tracker.self_describing_json.SelfDescribingJson object at 0x00000252E28E3B10>, <snowplow_tracker.self_describing_json.SelfDescribingJson object at 0x00000252E2A9FED0>]}


============================== 15:43:20.154214 | 13bf86c4-8f10-48c9-8205-8965c7b81be3 ==============================
[0m15:43:20.154214 [info ] [MainThread]: Running with dbt=1.9.0
[0m15:43:20.155131 [debug] [MainThread]: running dbt with arguments {'printer_width': '80', 'indirect_selection': 'eager', 'write_json': 'True', 'log_cache_events': 'False', 'partial_parse': 'True', 'cache_selected_only': 'False', 'warn_error': 'None', 'debug': 'False', 'profiles_dir': 'C:\\Users\\bensh\\.dbt', 'log_path': 'logs', 'version_check': 'True', 'fail_fast': 'False', 'use_colors': 'True', 'use_experimental_parser': 'False', 'no_print': 'None', 'quiet': 'False', 'empty': 'False', 'warn_error_options': 'WarnErrorOptions(include=[], exclude=[])', 'introspect': 'True', 'log_format': 'default', 'invocation_command': 'dbt compile', 'target_path': 'None', 'static_parser': 'True', 'send_anonymous_usage_stats': 'True'}
[0m15:43:20.155561 [error] [MainThread]: Encountered an error:
Runtime Error
  No dbt_project.yml found at expected path C:\Users\bensh\OneDrive\Documents\GitHub\nyc-taxi-dbt-snowflakes-\dbt_project.yml
  Verify that each entry within packages.yml (and their transitive dependencies) contains a file named dbt_project.yml
  
[0m15:43:20.156234 [debug] [MainThread]: Command `dbt compile` failed at 15:43:20.156137 after 0.22 seconds
[0m15:43:20.156716 [debug] [MainThread]: Sending event: {'category': 'dbt', 'action': 'invocation', 'label': 'end', 'context': [<snowplow_tracker.self_describing_json.SelfDescribingJson object at 0x00000252E29DEFD0>, <snowplow_tracker.self_describing_json.SelfDescribingJson object at 0x00000252E293BAD0>, <snowplow_tracker.self_describing_json.SelfDescribingJson object at 0x00000252E296E030>]}
[0m15:43:20.157162 [debug] [MainThread]: Flushing usage events
[0m15:43:20.875170 [debug] [MainThread]: An error was encountered while trying to flush usage events
